<?xml version="1.0" encoding="utf-8"?><testsuites><testsuite name="pytest" errors="0" failures="0" skipped="0" tests="5" time="0.196" timestamp="2022-08-28T19:48:32.737911" hostname="LAPTOP-9RQ6QN6M"><testcase classname="bytebank-tdd.tests.test_bytebank.TesteClass" name="test_quando_idade_recebe_13_03_2000_deve_retornar_22" time="0.003" /><testcase classname="bytebank-tdd.tests.test_bytebank.TesteClass" name="test_quando_sobrenome_recebe_Eduardo_Geraldo_deve_retornar_Geraldo" time="0.001" /><testcase classname="bytebank-tdd.tests.test_bytebank.TesteClass" name="test_quando_decrescimo_salario_recebe_100000_deve_retornar_90000" time="0.001" /><testcase classname="bytebank-tdd.tests.test_bytebank.TesteClass" name="test_quando_calcular_bonus_recebe_1000_deve_retornar_100" time="0.001" /><testcase classname="bytebank-tdd.tests.test_bytebank.TesteClass" name="test_quando_calcular_bonus_receb_100000000_deve_retornar_exception" time="0.002" /></testsuite></testsuites>